Sat Jul 08 2017 22:46:47 GMT-0700 (PDT) GET /
Sat Jul 08 2017 22:46:52 GMT-0700 (PDT) GET /
Sat Jul 08 2017 22:47:55 GMT-0700 (PDT) GET /
Sat Jul 08 2017 22:48:04 GMT-0700 (PDT) GET /
Sat Jul 08 2017 22:48:31 GMT-0700 (PDT) GET /about
Sat Jul 08 2017 22:48:56 GMT-0700 (PDT) GET /about
Sat Jul 08 2017 22:49:06 GMT-0700 (PDT) GET /
Sat Jul 08 2017 22:49:19 GMT-0700 (PDT) GET /
Sat Jul 08 2017 22:49:55 GMT-0700 (PDT) GET /
Sat Jul 08 2017 22:50:06 GMT-0700 (PDT) GET /
Sat Jul 08 2017 22:50:18 GMT-0700 (PDT) GET /
Sat Jul 08 2017 22:52:18 GMT-0700 (PDT) GET /
Mon Jul 10 2017 16:24:24 GMT-0700 (PDT) GET /
Mon Jul 10 2017 16:24:42 GMT-0700 (PDT) GET /
Mon Jul 10 2017 16:25:18 GMT-0700 (PDT) GET /
Mon Jul 10 2017 16:25:18 GMT-0700 (PDT) GET /favicon.ico
Mon Jul 10 2017 16:25:28 GMT-0700 (PDT) GET /
Mon Jul 10 2017 16:25:30 GMT-0700 (PDT) GET /about
Mon Jul 10 2017 16:25:32 GMT-0700 (PDT) GET /
Mon Jul 10 2017 16:31:04 GMT-0700 (PDT) GET /
Mon Jul 10 2017 17:15:31 GMT-0700 (PDT) GET /help.html
Mon Jul 10 2017 17:15:51 GMT-0700 (PDT) GET /help.html
Mon Jul 10 2017 17:15:56 GMT-0700 (PDT) GET /
Mon Jul 10 2017 23:35:46 GMT-0700 (PDT) GET /
Mon Jul 10 2017 23:35:46 GMT-0700 (PDT) GET /favicon.ico
Mon Jul 10 2017 23:38:42 GMT-0700 (PDT) GET /
Mon Jul 10 2017 23:38:44 GMT-0700 (PDT) GET /projects
Mon Jul 10 2017 23:39:04 GMT-0700 (PDT) GET /projects
Mon Jul 10 2017 23:39:23 GMT-0700 (PDT) GET /about
Mon Jul 10 2017 23:39:25 GMT-0700 (PDT) GET /projects
Mon Jul 10 2017 23:39:26 GMT-0700 (PDT) GET /
Mon Jul 10 2017 23:50:04 GMT-0700 (PDT) GET /
